# JRE version: Java(TM) SE Runtime Environment (8.0_60-b27) (build 1.8.0_60-b27)
# Java VM: Java HotSpot(TM) 64-Bit Server VM (25.60-b23 mixed mode windows-amd64 compressed oops)
Heap:
 PSYoungGen      total 73216K, used 1879K [0x00000000ebb80000, 0x00000000f1680000, 0x0000000100000000)
  eden space 62464K, 3% used [0x00000000ebb80000,0x00000000ebd55e98,0x00000000ef880000)
  from space 10752K, 0% used [0x00000000f0580000,0x00000000f0580000,0x00000000f1000000)
  to   space 13312K, 0% used [0x00000000ef880000,0x00000000ef880000,0x00000000f0580000)
 ParOldGen       total 144384K, used 69540K [0x00000000c3200000, 0x00000000cbf00000, 0x00000000ebb80000)
  object space 144384K, 48% used [0x00000000c3200000,0x00000000c75e92e8,0x00000000cbf00000)
 Metaspace       used 14536K, capacity 14744K, committed 14976K, reserved 1062912K
  class space    used 1791K, capacity 1864K, committed 1920K, reserved 1048576K
GC Heap History (10 events):
Event: 11.279 GC heap before
{Heap before GC invocations=5 (full 1):
 PSYoungGen      total 34304K, used 28887K [0x00000000ebb80000, 0x00000000eed00000, 0x0000000100000000)
  eden space 31744K, 86% used [0x00000000ebb80000,0x00000000ed643570,0x00000000eda80000)
  from space 2560K, 57% used [0x00000000eda80000,0x00000000edbf28a0,0x00000000edd00000)
  to   space 2560K, 0% used [0x00000000eea80000,0x00000000eea80000,0x00000000eed00000)
 ParOldGen       total 59392K, used 31618K [0x00000000c3200000, 0x00000000c6c00000, 0x00000000ebb80000)
  object space 59392K, 53% used [0x00000000c3200000,0x00000000c50e09c8,0x00000000c6c00000)
 Metaspace       used 14415K, capacity 14616K, committed 14720K, reserved 1062912K
  class space    used 1791K, capacity 1864K, committed 1920K, reserved 1048576K
Event: 11.286 GC heap after
Heap after GC invocations=5 (full 1):
 PSYoungGen      total 46080K, used 2547K [0x00000000ebb80000, 0x00000000eed00000, 0x0000000100000000)
  eden space 43520K, 0% used [0x00000000ebb80000,0x00000000ebb80000,0x00000000ee600000)
  from space 2560K, 99% used [0x00000000eea80000,0x00000000eecfcc10,0x00000000eed00000)
  to   space 2560K, 0% used [0x00000000ee800000,0x00000000ee800000,0x00000000eea80000)
 ParOldGen       total 59392K, used 41624K [0x00000000c3200000, 0x00000000c6c00000, 0x00000000ebb80000)
  object space 59392K, 70% used [0x00000000c3200000,0x00000000c5aa6040,0x00000000c6c00000)
 Metaspace       used 14415K, capacity 14616K, committed 14720K, reserved 1062912K
  class space    used 1791K, capacity 1864K, committed 1920K, reserved 1048576K
}
Event: 11.286 GC heap before
{Heap before GC invocations=6 (full 2):
 PSYoungGen      total 46080K, used 2547K [0x00000000ebb80000, 0x00000000eed00000, 0x0000000100000000)
  eden space 43520K, 0% used [0x00000000ebb80000,0x00000000ebb80000,0x00000000ee600000)
  from space 2560K, 99% used [0x00000000eea80000,0x00000000eecfcc10,0x00000000eed00000)
  to   space 2560K, 0% used [0x00000000ee800000,0x00000000ee800000,0x00000000eea80000)
 ParOldGen       total 59392K, used 41624K [0x00000000c3200000, 0x00000000c6c00000, 0x00000000ebb80000)
  object space 59392K, 70% used [0x00000000c3200000,0x00000000c5aa6040,0x00000000c6c00000)
 Metaspace       used 14415K, capacity 14616K, committed 14720K, reserved 1062912K
  class space    used 1791K, capacity 1864K, committed 1920K, reserved 1048576K
Event: 11.309 GC heap after
Heap after GC invocations=6 (full 2):
 PSYoungGen      total 46080K, used 0K [0x00000000ebb80000, 0x00000000eed00000, 0x0000000100000000)
  eden space 43520K, 0% used [0x00000000ebb80000,0x00000000ebb80000,0x00000000ee600000)
  from space 2560K, 0% used [0x00000000eea80000,0x00000000eea80000,0x00000000eed00000)
  to   space 2560K, 0% used [0x00000000ee800000,0x00000000ee800000,0x00000000eea80000)
 ParOldGen       total 92160K, used 33325K [0x00000000c3200000, 0x00000000c8c00000, 0x00000000ebb80000)
  object space 92160K, 36% used [0x00000000c3200000,0x00000000c528b708,0x00000000c8c00000)
 Metaspace       used 14415K, capacity 14616K, committed 14720K, reserved 1062912K
  class space    used 1791K, capacity 1864K, committed 1920K, reserved 1048576K
}
Event: 12.311 GC heap before
{Heap before GC invocations=7 (full 2):
 PSYoungGen      total 46080K, used 43520K [0x00000000ebb80000, 0x00000000eed00000, 0x0000000100000000)
  eden space 43520K, 100% used [0x00000000ebb80000,0x00000000ee600000,0x00000000ee600000)
  from space 2560K, 0% used [0x00000000eea80000,0x00000000eea80000,0x00000000eed00000)
  to   space 2560K, 0% used [0x00000000ee800000,0x00000000ee800000,0x00000000eea80000)
 ParOldGen       total 92160K, used 33325K [0x00000000c3200000, 0x00000000c8c00000, 0x00000000ebb80000)
  object space 92160K, 36% used [0x00000000c3200000,0x00000000c528b708,0x00000000c8c00000)
 Metaspace       used 14429K, capacity 14616K, committed 14720K, reserved 1062912K
  class space    used 1791K, capacity 1864K, committed 1920K, reserved 1048576K
Event: 12.321 GC heap after
Heap after GC invocations=7 (full 2):
 PSYoungGen      total 48128K, used 2372K [0x00000000ebb80000, 0x00000000f1000000, 0x0000000100000000)
  eden space 45568K, 0% used [0x00000000ebb80000,0x00000000ebb80000,0x00000000ee800000)
  from space 2560K, 92% used [0x00000000ee800000,0x00000000eea51150,0x00000000eea80000)
  to   space 10752K, 0% used [0x00000000f0580000,0x00000000f0580000,0x00000000f1000000)
 ParOldGen       total 92160K, used 55306K [0x00000000c3200000, 0x00000000c8c00000, 0x00000000ebb80000)
  object space 92160K, 60% used [0x00000000c3200000,0x00000000c6802a88,0x00000000c8c00000)
 Metaspace       used 14429K, capacity 14616K, committed 14720K, reserved 1062912K
  class space    used 1791K, capacity 1864K, committed 1920K, reserved 1048576K
}
Event: 15.294 GC heap before
{Heap before GC invocations=8 (full 2):
 PSYoungGen      total 48128K, used 47940K [0x00000000ebb80000, 0x00000000f1000000, 0x0000000100000000)
  eden space 45568K, 100% used [0x00000000ebb80000,0x00000000ee800000,0x00000000ee800000)
  from space 2560K, 92% used [0x00000000ee800000,0x00000000eea51150,0x00000000eea80000)
  to   space 10752K, 0% used [0x00000000f0580000,0x00000000f0580000,0x00000000f1000000)
 ParOldGen       total 92160K, used 55306K [0x00000000c3200000, 0x00000000c8c00000, 0x00000000ebb80000)
  object space 92160K, 60% used [0x00000000c3200000,0x00000000c6802a88,0x00000000c8c00000)
 Metaspace       used 14535K, capacity 14744K, committed 14976K, reserved 1062912K
  class space    used 1791K, capacity 1864K, committed 1920K, reserved 1048576K
Event: 15.309 GC heap after
Heap after GC invocations=8 (full 2):
 PSYoungGen      total 73216K, used 10744K [0x00000000ebb80000, 0x00000000f1680000, 0x0000000100000000)
  eden space 62464K, 0% used [0x00000000ebb80000,0x00000000ebb80000,0x00000000ef880000)
  from space 10752K, 99% used [0x00000000f0580000,0x00000000f0ffe1b0,0x00000000f1000000)
  to   space 13312K, 0% used [0x00000000ef880000,0x00000000ef880000,0x00000000f0580000)
 ParOldGen       total 92160K, used 71410K [0x00000000c3200000, 0x00000000c8c00000, 0x00000000ebb80000)
  object space 92160K, 77% used [0x00000000c3200000,0x00000000c77bcbe8,0x00000000c8c00000)
 Metaspace       used 14535K, capacity 14744K, committed 14976K, reserved 1062912K
  class space    used 1791K, capacity 1864K, committed 1920K, reserved 1048576K
}
Event: 15.310 GC heap before
{Heap before GC invocations=9 (full 3):
 PSYoungGen      total 73216K, used 10744K [0x00000000ebb80000, 0x00000000f1680000, 0x0000000100000000)
  eden space 62464K, 0% used [0x00000000ebb80000,0x00000000ebb80000,0x00000000ef880000)
  from space 10752K, 99% used [0x00000000f0580000,0x00000000f0ffe1b0,0x00000000f1000000)
  to   space 13312K, 0% used [0x00000000ef880000,0x00000000ef880000,0x00000000f0580000)
 ParOldGen       total 92160K, used 71410K [0x00000000c3200000, 0x00000000c8c00000, 0x00000000ebb80000)
  object space 92160K, 77% used [0x00000000c3200000,0x00000000c77bcbe8,0x00000000c8c00000)
 Metaspace       used 14535K, capacity 14744K, committed 14976K, reserved 1062912K
  class space    used 1791K, capacity 1864K, committed 1920K, reserved 1048576K
Event: 15.378 GC heap after
Heap after GC invocations=9 (full 3):
 PSYoungGen      total 73216K, used 0K [0x00000000ebb80000, 0x00000000f1680000, 0x0000000100000000)
  eden space 62464K, 0% used [0x00000000ebb80000,0x00000000ebb80000,0x00000000ef880000)
  from space 10752K, 0% used [0x00000000f0580000,0x00000000f0580000,0x00000000f1000000)
  to   space 13312K, 0% used [0x00000000ef880000,0x00000000ef880000,0x00000000f0580000)
 ParOldGen       total 144384K, used 69540K [0x00000000c3200000, 0x00000000cbf00000, 0x00000000ebb80000)
  object space 144384K, 48% used [0x00000000c3200000,0x00000000c75e92e8,0x00000000cbf00000)
 Metaspace       used 14535K, capacity 14744K, committed 14976K, reserved 1062912K
  class space    used 1791K, capacity 1864K, committed 1920K, reserved 1048576K
}

