# JRE version: Java(TM) SE Runtime Environment (8.0_60-b27) (build 1.8.0_60-b27)
# Java VM: Java HotSpot(TM) 64-Bit Server VM (25.60-b23 mixed mode windows-amd64 compressed oops)
Heap:
 PSYoungGen      total 70656K, used 12530K [0x00000000ebb80000, 0x00000000f3a00000, 0x0000000100000000)
  eden space 59904K, 2% used [0x00000000ebb80000,0x00000000ebd3dcc8,0x00000000ef600000)
  from space 10752K, 99% used [0x00000000ef600000,0x00000000f007ec00,0x00000000f0080000)
  to   space 24064K, 0% used [0x00000000f2280000,0x00000000f2280000,0x00000000f3a00000)
 ParOldGen       total 144896K, used 81413K [0x00000000c3200000, 0x00000000cbf80000, 0x00000000ebb80000)
  object space 144896K, 56% used [0x00000000c3200000,0x00000000c8181410,0x00000000cbf80000)
 Metaspace       used 14999K, capacity 15186K, committed 15488K, reserved 1062912K
  class space    used 1839K, capacity 1899K, committed 1920K, reserved 1048576K
GC Heap History (10 events):
Event: 13.025 GC heap before
{Heap before GC invocations=6 (full 2):
 PSYoungGen      total 34304K, used 30406K [0x00000000ebb80000, 0x00000000eeb80000, 0x0000000100000000)
  eden space 31744K, 95% used [0x00000000ebb80000,0x00000000ed931a70,0x00000000eda80000)
  from space 2560K, 0% used [0x00000000eda80000,0x00000000eda80000,0x00000000edd00000)
  to   space 2560K, 0% used [0x00000000ee900000,0x00000000ee900000,0x00000000eeb80000)
 ParOldGen       total 93184K, used 27040K [0x00000000c3200000, 0x00000000c8d00000, 0x00000000ebb80000)
  object space 93184K, 29% used [0x00000000c3200000,0x00000000c4c68130,0x00000000c8d00000)
 Metaspace       used 14904K, capacity 15104K, committed 15232K, reserved 1062912K
  class space    used 1831K, capacity 1896K, committed 1920K, reserved 1048576K
Event: 13.030 GC heap after
Heap after GC invocations=6 (full 2):
 PSYoungGen      total 46592K, used 2545K [0x00000000ebb80000, 0x00000000eec00000, 0x0000000100000000)
  eden space 44032K, 0% used [0x00000000ebb80000,0x00000000ebb80000,0x00000000ee680000)
  from space 2560K, 99% used [0x00000000ee900000,0x00000000eeb7c510,0x00000000eeb80000)
  to   space 2560K, 0% used [0x00000000ee680000,0x00000000ee680000,0x00000000ee900000)
 ParOldGen       total 93184K, used 34821K [0x00000000c3200000, 0x00000000c8d00000, 0x00000000ebb80000)
  object space 93184K, 37% used [0x00000000c3200000,0x00000000c54016a0,0x00000000c8d00000)
 Metaspace       used 14904K, capacity 15104K, committed 15232K, reserved 1062912K
  class space    used 1831K, capacity 1896K, committed 1920K, reserved 1048576K
}
Event: 14.029 GC heap before
{Heap before GC invocations=7 (full 2):
 PSYoungGen      total 46592K, used 46577K [0x00000000ebb80000, 0x00000000eec00000, 0x0000000100000000)
  eden space 44032K, 100% used [0x00000000ebb80000,0x00000000ee680000,0x00000000ee680000)
  from space 2560K, 99% used [0x00000000ee900000,0x00000000eeb7c510,0x00000000eeb80000)
  to   space 2560K, 0% used [0x00000000ee680000,0x00000000ee680000,0x00000000ee900000)
 ParOldGen       total 93184K, used 34821K [0x00000000c3200000, 0x00000000c8d00000, 0x00000000ebb80000)
  object space 93184K, 37% used [0x00000000c3200000,0x00000000c54016a0,0x00000000c8d00000)
 Metaspace       used 14916K, capacity 15110K, committed 15232K, reserved 1062912K
  class space    used 1832K, capacity 1897K, committed 1920K, reserved 1048576K
Event: 14.045 GC heap after
Heap after GC invocations=7 (full 2):
 PSYoungGen      total 46592K, used 2556K [0x00000000ebb80000, 0x00000000f0900000, 0x0000000100000000)
  eden space 44032K, 0% used [0x00000000ebb80000,0x00000000ebb80000,0x00000000ee680000)
  from space 2560K, 99% used [0x00000000ee680000,0x00000000ee8ff210,0x00000000ee900000)
  to   space 8704K, 0% used [0x00000000f0080000,0x00000000f0080000,0x00000000f0900000)
 ParOldGen       total 93184K, used 71164K [0x00000000c3200000, 0x00000000c8d00000, 0x00000000ebb80000)
  object space 93184K, 76% used [0x00000000c3200000,0x00000000c777f390,0x00000000c8d00000)
 Metaspace       used 14916K, capacity 15110K, committed 15232K, reserved 1062912K
  class space    used 1832K, capacity 1897K, committed 1920K, reserved 1048576K
}
Event: 14.045 GC heap before
{Heap before GC invocations=8 (full 3):
 PSYoungGen      total 46592K, used 2556K [0x00000000ebb80000, 0x00000000f0900000, 0x0000000100000000)
  eden space 44032K, 0% used [0x00000000ebb80000,0x00000000ebb80000,0x00000000ee680000)
  from space 2560K, 99% used [0x00000000ee680000,0x00000000ee8ff210,0x00000000ee900000)
  to   space 8704K, 0% used [0x00000000f0080000,0x00000000f0080000,0x00000000f0900000)
 ParOldGen       total 93184K, used 71164K [0x00000000c3200000, 0x00000000c8d00000, 0x00000000ebb80000)
  object space 93184K, 76% used [0x00000000c3200000,0x00000000c777f390,0x00000000c8d00000)
 Metaspace       used 14916K, capacity 15110K, committed 15232K, reserved 1062912K
  class space    used 1832K, capacity 1897K, committed 1920K, reserved 1048576K
Event: 14.106 GC heap after
Heap after GC invocations=8 (full 3):
 PSYoungGen      total 46592K, used 0K [0x00000000ebb80000, 0x00000000f0900000, 0x0000000100000000)
  eden space 44032K, 0% used [0x00000000ebb80000,0x00000000ebb80000,0x00000000ee680000)
  from space 2560K, 0% used [0x00000000ee680000,0x00000000ee680000,0x00000000ee900000)
  to   space 8704K, 0% used [0x00000000f0080000,0x00000000f0080000,0x00000000f0900000)
 ParOldGen       total 144896K, used 53320K [0x00000000c3200000, 0x00000000cbf80000, 0x00000000ebb80000)
  object space 144896K, 36% used [0x00000000c3200000,0x00000000c6612190,0x00000000cbf80000)
 Metaspace       used 14916K, capacity 15110K, committed 15232K, reserved 1062912K
  class space    used 1832K, capacity 1897K, committed 1920K, reserved 1048576K
}
Event: 22.491 GC heap before
{Heap before GC invocations=9 (full 3):
 PSYoungGen      total 46592K, used 44032K [0x00000000ebb80000, 0x00000000f0900000, 0x0000000100000000)
  eden space 44032K, 100% used [0x00000000ebb80000,0x00000000ee680000,0x00000000ee680000)
  from space 2560K, 0% used [0x00000000ee680000,0x00000000ee680000,0x00000000ee900000)
  to   space 8704K, 0% used [0x00000000f0080000,0x00000000f0080000,0x00000000f0900000)
 ParOldGen       total 144896K, used 53320K [0x00000000c3200000, 0x00000000cbf80000, 0x00000000ebb80000)
  object space 144896K, 36% used [0x00000000c3200000,0x00000000c6612190,0x00000000cbf80000)
 Metaspace       used 14930K, capacity 15110K, committed 15232K, reserved 1062912K
  class space    used 1832K, capacity 1897K, committed 1920K, reserved 1048576K
Event: 22.497 GC heap after
Heap after GC invocations=9 (full 3):
 PSYoungGen      total 68608K, used 8481K [0x00000000ebb80000, 0x00000000f0d00000, 0x0000000100000000)
  eden space 59904K, 0% used [0x00000000ebb80000,0x00000000ebb80000,0x00000000ef600000)
  from space 8704K, 97% used [0x00000000f0080000,0x00000000f08c87b0,0x00000000f0900000)
  to   space 10752K, 0% used [0x00000000ef600000,0x00000000ef600000,0x00000000f0080000)
 ParOldGen       total 144896K, used 58953K [0x00000000c3200000, 0x00000000cbf80000, 0x00000000ebb80000)
  object space 144896K, 40% used [0x00000000c3200000,0x00000000c6b925c0,0x00000000cbf80000)
 Metaspace       used 14930K, capacity 15110K, committed 15232K, reserved 1062912K
  class space    used 1832K, capacity 1897K, committed 1920K, reserved 1048576K
}
Event: 26.638 GC heap before
{Heap before GC invocations=10 (full 3):
 PSYoungGen      total 68608K, used 68385K [0x00000000ebb80000, 0x00000000f0d00000, 0x0000000100000000)
  eden space 59904K, 100% used [0x00000000ebb80000,0x00000000ef600000,0x00000000ef600000)
  from space 8704K, 97% used [0x00000000f0080000,0x00000000f08c87b0,0x00000000f0900000)
  to   space 10752K, 0% used [0x00000000ef600000,0x00000000ef600000,0x00000000f0080000)
 ParOldGen       total 144896K, used 58953K [0x00000000c3200000, 0x00000000cbf80000, 0x00000000ebb80000)
  object space 144896K, 40% used [0x00000000c3200000,0x00000000c6b925c0,0x00000000cbf80000)
 Metaspace       used 14998K, capacity 15186K, committed 15488K, reserved 1062912K
  class space    used 1839K, capacity 1899K, committed 1920K, reserved 1048576K
Event: 26.652 GC heap after
Heap after GC invocations=10 (full 3):
 PSYoungGen      total 70656K, used 10747K [0x00000000ebb80000, 0x00000000f3a00000, 0x0000000100000000)
  eden space 59904K, 0% used [0x00000000ebb80000,0x00000000ebb80000,0x00000000ef600000)
  from space 10752K, 99% used [0x00000000ef600000,0x00000000f007ec00,0x00000000f0080000)
  to   space 24064K, 0% used [0x00000000f2280000,0x00000000f2280000,0x00000000f3a00000)
 ParOldGen       total 144896K, used 81413K [0x00000000c3200000, 0x00000000cbf80000, 0x00000000ebb80000)
  object space 144896K, 56% used [0x00000000c3200000,0x00000000c8181410,0x00000000cbf80000)
 Metaspace       used 14998K, capacity 15186K, committed 15488K, reserved 1062912K
  class space    used 1839K, capacity 1899K, committed 1920K, reserved 1048576K
}

