# JRE version: Java(TM) SE Runtime Environment (8.0_60-b27) (build 1.8.0_60-b27)
# Java VM: Java HotSpot(TM) 64-Bit Server VM (25.60-b23 mixed mode windows-amd64 compressed oops)
Heap:
 PSYoungGen      total 178176K, used 3965K [0x00000000ebb80000, 0x00000000fb180000, 0x0000000100000000)
  eden space 129024K, 3% used [0x00000000ebb80000,0x00000000ebf5f448,0x00000000f3980000)
  from space 49152K, 0% used [0x00000000f7300000,0x00000000f7300000,0x00000000fa300000)
  to   space 58880K, 0% used [0x00000000f3980000,0x00000000f3980000,0x00000000f7300000)
 ParOldGen       total 209920K, used 126406K [0x00000000c3200000, 0x00000000cff00000, 0x00000000ebb80000)
  object space 209920K, 60% used [0x00000000c3200000,0x00000000cad71ab0,0x00000000cff00000)
 Metaspace       used 15044K, capacity 15200K, committed 15488K, reserved 1062912K
  class space    used 1840K, capacity 1900K, committed 1920K, reserved 1048576K
GC Heap History (10 events):
Event: 14.264 GC heap before
{Heap before GC invocations=8 (full 3):
 PSYoungGen      total 56320K, used 2532K [0x00000000ebb80000, 0x00000000f5c00000, 0x0000000100000000)
  eden space 53760K, 0% used [0x00000000ebb80000,0x00000000ebb80000,0x00000000ef000000)
  from space 2560K, 98% used [0x00000000ef000000,0x00000000ef279150,0x00000000ef280000)
  to   space 37376K, 0% used [0x00000000f3780000,0x00000000f3780000,0x00000000f5c00000)
 ParOldGen       total 82432K, used 79266K [0x00000000c3200000, 0x00000000c8280000, 0x00000000ebb80000)
  object space 82432K, 96% used [0x00000000c3200000,0x00000000c7f68990,0x00000000c8280000)
 Metaspace       used 14768K, capacity 14958K, committed 15232K, reserved 1062912K
  class space    used 1793K, capacity 1865K, committed 1920K, reserved 1048576K
Event: 14.326 GC heap after
Heap after GC invocations=8 (full 3):
 PSYoungGen      total 56320K, used 0K [0x00000000ebb80000, 0x00000000f5c00000, 0x0000000100000000)
  eden space 53760K, 0% used [0x00000000ebb80000,0x00000000ebb80000,0x00000000ef000000)
  from space 2560K, 0% used [0x00000000ef000000,0x00000000ef000000,0x00000000ef280000)
  to   space 37376K, 0% used [0x00000000f3780000,0x00000000f3780000,0x00000000f5c00000)
 ParOldGen       total 133632K, used 57232K [0x00000000c3200000, 0x00000000cb480000, 0x00000000ebb80000)
  object space 133632K, 42% used [0x00000000c3200000,0x00000000c69e42f0,0x00000000cb480000)
 Metaspace       used 14768K, capacity 14958K, committed 15232K, reserved 1062912K
  class space    used 1793K, capacity 1865K, committed 1920K, reserved 1048576K
}
Event: 21.007 GC heap before
{Heap before GC invocations=9 (full 3):
 PSYoungGen      total 56320K, used 51730K [0x00000000ebb80000, 0x00000000f5c00000, 0x0000000100000000)
  eden space 53760K, 96% used [0x00000000ebb80000,0x00000000eee04828,0x00000000ef000000)
  from space 2560K, 0% used [0x00000000ef000000,0x00000000ef000000,0x00000000ef280000)
  to   space 37376K, 0% used [0x00000000f3780000,0x00000000f3780000,0x00000000f5c00000)
 ParOldGen       total 133632K, used 57232K [0x00000000c3200000, 0x00000000cb480000, 0x00000000ebb80000)
  object space 133632K, 42% used [0x00000000c3200000,0x00000000c69e42f0,0x00000000cb480000)
 Metaspace       used 14834K, capacity 15022K, committed 15232K, reserved 1062912K
  class space    used 1793K, capacity 1865K, committed 1920K, reserved 1048576K
Event: 21.018 GC heap after
Heap after GC invocations=9 (full 3):
 PSYoungGen      total 124416K, used 24118K [0x00000000ebb80000, 0x00000000f6000000, 0x0000000100000000)
  eden space 87040K, 0% used [0x00000000ebb80000,0x00000000ebb80000,0x00000000f1080000)
  from space 37376K, 64% used [0x00000000f3780000,0x00000000f4f0d850,0x00000000f5c00000)
  to   space 39936K, 0% used [0x00000000f1080000,0x00000000f1080000,0x00000000f3780000)
 ParOldGen       total 133632K, used 57240K [0x00000000c3200000, 0x00000000cb480000, 0x00000000ebb80000)
  object space 133632K, 42% used [0x00000000c3200000,0x00000000c69e62f0,0x00000000cb480000)
 Metaspace       used 14834K, capacity 15022K, committed 15232K, reserved 1062912K
  class space    used 1793K, capacity 1865K, committed 1920K, reserved 1048576K
}
Event: 30.332 GC heap before
{Heap before GC invocations=10 (full 3):
 PSYoungGen      total 124416K, used 106547K [0x00000000ebb80000, 0x00000000f6000000, 0x0000000100000000)
  eden space 87040K, 94% used [0x00000000ebb80000,0x00000000f0bff610,0x00000000f1080000)
  from space 37376K, 64% used [0x00000000f3780000,0x00000000f4f0d850,0x00000000f5c00000)
  to   space 39936K, 0% used [0x00000000f1080000,0x00000000f1080000,0x00000000f3780000)
 ParOldGen       total 133632K, used 57240K [0x00000000c3200000, 0x00000000cb480000, 0x00000000ebb80000)
  object space 133632K, 42% used [0x00000000c3200000,0x00000000c69e62f0,0x00000000cb480000)
 Metaspace       used 14866K, capacity 15034K, committed 15232K, reserved 1062912K
  class space    used 1794K, capacity 1867K, committed 1920K, reserved 1048576K
Event: 30.364 GC heap after
Heap after GC invocations=10 (full 3):
 PSYoungGen      total 126976K, used 39584K [0x00000000ebb80000, 0x00000000fa300000, 0x0000000100000000)
  eden space 87040K, 0% used [0x00000000ebb80000,0x00000000ebb80000,0x00000000f1080000)
  from space 39936K, 99% used [0x00000000f1080000,0x00000000f3728170,0x00000000f3780000)
  to   space 49152K, 0% used [0x00000000f7300000,0x00000000f7300000,0x00000000fa300000)
 ParOldGen       total 133632K, used 81098K [0x00000000c3200000, 0x00000000cb480000, 0x00000000ebb80000)
  object space 133632K, 60% used [0x00000000c3200000,0x00000000c8132b50,0x00000000cb480000)
 Metaspace       used 14866K, capacity 15034K, committed 15232K, reserved 1062912K
  class space    used 1794K, capacity 1867K, committed 1920K, reserved 1048576K
}
Event: 42.311 GC heap before
{Heap before GC invocations=11 (full 3):
 PSYoungGen      total 126976K, used 126624K [0x00000000ebb80000, 0x00000000fa300000, 0x0000000100000000)
  eden space 87040K, 100% used [0x00000000ebb80000,0x00000000f1080000,0x00000000f1080000)
  from space 39936K, 99% used [0x00000000f1080000,0x00000000f3728170,0x00000000f3780000)
  to   space 49152K, 0% used [0x00000000f7300000,0x00000000f7300000,0x00000000fa300000)
 ParOldGen       total 133632K, used 81098K [0x00000000c3200000, 0x00000000cb480000, 0x00000000ebb80000)
  object space 133632K, 60% used [0x00000000c3200000,0x00000000c8132b50,0x00000000cb480000)
 Metaspace       used 15044K, capacity 15200K, committed 15488K, reserved 1062912K
  class space    used 1840K, capacity 1900K, committed 1920K, reserved 1048576K
Event: 42.362 GC heap after
Heap after GC invocations=11 (full 3):
 PSYoungGen      total 178176K, used 49149K [0x00000000ebb80000, 0x00000000fb180000, 0x0000000100000000)
  eden space 129024K, 0% used [0x00000000ebb80000,0x00000000ebb80000,0x00000000f3980000)
  from space 49152K, 99% used [0x00000000f7300000,0x00000000fa2ff7a0,0x00000000fa300000)
  to   space 58880K, 0% used [0x00000000f3980000,0x00000000f3980000,0x00000000f7300000)
 ParOldGen       total 133632K, used 105806K [0x00000000c3200000, 0x00000000cb480000, 0x00000000ebb80000)
  object space 133632K, 79% used [0x00000000c3200000,0x00000000c9953980,0x00000000cb480000)
 Metaspace       used 15044K, capacity 15200K, committed 15488K, reserved 1062912K
  class space    used 1840K, capacity 1900K, committed 1920K, reserved 1048576K
}
Event: 42.362 GC heap before
{Heap before GC invocations=12 (full 4):
 PSYoungGen      total 178176K, used 49149K [0x00000000ebb80000, 0x00000000fb180000, 0x0000000100000000)
  eden space 129024K, 0% used [0x00000000ebb80000,0x00000000ebb80000,0x00000000f3980000)
  from space 49152K, 99% used [0x00000000f7300000,0x00000000fa2ff7a0,0x00000000fa300000)
  to   space 58880K, 0% used [0x00000000f3980000,0x00000000f3980000,0x00000000f7300000)
 ParOldGen       total 133632K, used 105806K [0x00000000c3200000, 0x00000000cb480000, 0x00000000ebb80000)
  object space 133632K, 79% used [0x00000000c3200000,0x00000000c9953980,0x00000000cb480000)
 Metaspace       used 15044K, capacity 15200K, committed 15488K, reserved 1062912K
  class space    used 1840K, capacity 1900K, committed 1920K, reserved 1048576K
Event: 42.415 GC heap after
Heap after GC invocations=12 (full 4):
 PSYoungGen      total 178176K, used 0K [0x00000000ebb80000, 0x00000000fb180000, 0x0000000100000000)
  eden space 129024K, 0% used [0x00000000ebb80000,0x00000000ebb80000,0x00000000f3980000)
  from space 49152K, 0% used [0x00000000f7300000,0x00000000f7300000,0x00000000fa300000)
  to   space 58880K, 0% used [0x00000000f3980000,0x00000000f3980000,0x00000000f7300000)
 ParOldGen       total 209920K, used 126406K [0x00000000c3200000, 0x00000000cff00000, 0x00000000ebb80000)
  object space 209920K, 60% used [0x00000000c3200000,0x00000000cad71ab0,0x00000000cff00000)
 Metaspace       used 15044K, capacity 15200K, committed 15488K, reserved 1062912K
  class space    used 1840K, capacity 1900K, committed 1920K, reserved 1048576K
}

