# JRE version: Java(TM) SE Runtime Environment (8.0_60-b27) (build 1.8.0_60-b27)
# Java VM: Java HotSpot(TM) 64-Bit Server VM (25.60-b23 mixed mode windows-amd64 compressed oops)
Heap:
 PSYoungGen      total 75776K, used 34578K [0x00000000ebb80000, 0x00000000f3780000, 0x0000000100000000)
  eden space 41984K, 2% used [0x00000000ebb80000,0x00000000ebc8b610,0x00000000ee480000)
  from space 33792K, 99% used [0x00000000f0b00000,0x00000000f2bb9560,0x00000000f2c00000)
  to   space 39424K, 0% used [0x00000000ee480000,0x00000000ee480000,0x00000000f0b00000)
 ParOldGen       total 139776K, used 106503K [0x00000000c3200000, 0x00000000cba80000, 0x00000000ebb80000)
  object space 139776K, 76% used [0x00000000c3200000,0x00000000c9a01d08,0x00000000cba80000)
 Metaspace       used 14892K, capacity 15098K, committed 15232K, reserved 1062912K
  class space    used 1795K, capacity 1867K, committed 1920K, reserved 1048576K
GC Heap History (10 events):
Event: 12.197 GC heap before
{Heap before GC invocations=11 (full 3):
 PSYoungGen      total 46080K, used 10738K [0x00000000ebb80000, 0x00000000f1380000, 0x0000000100000000)
  eden space 35328K, 0% used [0x00000000ebb80000,0x00000000ebb80000,0x00000000ede00000)
  from space 10752K, 99% used [0x00000000ef400000,0x00000000efe7c880,0x00000000efe80000)
  to   space 22528K, 0% used [0x00000000ede00000,0x00000000ede00000,0x00000000ef400000)
 ParOldGen       total 98816K, used 86990K [0x00000000c3200000, 0x00000000c9280000, 0x00000000ebb80000)
  object space 98816K, 88% used [0x00000000c3200000,0x00000000c86f3a48,0x00000000c9280000)
 Metaspace       used 14788K, capacity 14958K, committed 15232K, reserved 1062912K
  class space    used 1787K, capacity 1865K, committed 1920K, reserved 1048576K
Event: 12.253 GC heap after
Heap after GC invocations=11 (full 3):
 PSYoungGen      total 46080K, used 0K [0x00000000ebb80000, 0x00000000f1380000, 0x0000000100000000)
  eden space 35328K, 0% used [0x00000000ebb80000,0x00000000ebb80000,0x00000000ede00000)
  from space 10752K, 0% used [0x00000000ef400000,0x00000000ef400000,0x00000000efe80000)
  to   space 22528K, 0% used [0x00000000ede00000,0x00000000ede00000,0x00000000ef400000)
 ParOldGen       total 139776K, used 69504K [0x00000000c3200000, 0x00000000cba80000, 0x00000000ebb80000)
  object space 139776K, 49% used [0x00000000c3200000,0x00000000c75e0038,0x00000000cba80000)
 Metaspace       used 14788K, capacity 14958K, committed 15232K, reserved 1062912K
  class space    used 1787K, capacity 1865K, committed 1920K, reserved 1048576K
}
Event: 14.588 GC heap before
{Heap before GC invocations=12 (full 3):
 PSYoungGen      total 46080K, used 35290K [0x00000000ebb80000, 0x00000000f1380000, 0x0000000100000000)
  eden space 35328K, 99% used [0x00000000ebb80000,0x00000000eddf69e0,0x00000000ede00000)
  from space 10752K, 0% used [0x00000000ef400000,0x00000000ef400000,0x00000000efe80000)
  to   space 22528K, 0% used [0x00000000ede00000,0x00000000ede00000,0x00000000ef400000)
 ParOldGen       total 139776K, used 69504K [0x00000000c3200000, 0x00000000cba80000, 0x00000000ebb80000)
  object space 139776K, 49% used [0x00000000c3200000,0x00000000c75e0038,0x00000000cba80000)
 Metaspace       used 14798K, capacity 15022K, committed 15232K, reserved 1062912K
  class space    used 1787K, capacity 1865K, committed 1920K, reserved 1048576K
Event: 14.598 GC heap after
Heap after GC invocations=12 (full 3):
 PSYoungGen      total 57856K, used 20627K [0x00000000ebb80000, 0x00000000f1880000, 0x0000000100000000)
  eden space 35328K, 0% used [0x00000000ebb80000,0x00000000ebb80000,0x00000000ede00000)
  from space 22528K, 91% used [0x00000000ede00000,0x00000000ef224cb0,0x00000000ef400000)
  to   space 25600K, 0% used [0x00000000eff80000,0x00000000eff80000,0x00000000f1880000)
 ParOldGen       total 139776K, used 75587K [0x00000000c3200000, 0x00000000cba80000, 0x00000000ebb80000)
  object space 139776K, 54% used [0x00000000c3200000,0x00000000c7bd0c48,0x00000000cba80000)
 Metaspace       used 14798K, capacity 15022K, committed 15232K, reserved 1062912K
  class space    used 1787K, capacity 1865K, committed 1920K, reserved 1048576K
}
Event: 24.344 GC heap before
{Heap before GC invocations=13 (full 3):
 PSYoungGen      total 57856K, used 55955K [0x00000000ebb80000, 0x00000000f1880000, 0x0000000100000000)
  eden space 35328K, 100% used [0x00000000ebb80000,0x00000000ede00000,0x00000000ede00000)
  from space 22528K, 91% used [0x00000000ede00000,0x00000000ef224cb0,0x00000000ef400000)
  to   space 25600K, 0% used [0x00000000eff80000,0x00000000eff80000,0x00000000f1880000)
 ParOldGen       total 139776K, used 75587K [0x00000000c3200000, 0x00000000cba80000, 0x00000000ebb80000)
  object space 139776K, 54% used [0x00000000c3200000,0x00000000c7bd0c48,0x00000000cba80000)
 Metaspace       used 14862K, capacity 15028K, committed 15232K, reserved 1062912K
  class space    used 1794K, capacity 1866K, committed 1920K, reserved 1048576K
Event: 24.354 GC heap after
Heap after GC invocations=13 (full 3):
 PSYoungGen      total 66048K, used 22548K [0x00000000ebb80000, 0x00000000f1e80000, 0x0000000100000000)
  eden space 40448K, 0% used [0x00000000ebb80000,0x00000000ebb80000,0x00000000ee300000)
  from space 25600K, 88% used [0x00000000eff80000,0x00000000f1585180,0x00000000f1880000)
  to   space 29184K, 0% used [0x00000000ee300000,0x00000000ee300000,0x00000000eff80000)
 ParOldGen       total 139776K, used 75595K [0x00000000c3200000, 0x00000000cba80000, 0x00000000ebb80000)
  object space 139776K, 54% used [0x00000000c3200000,0x00000000c7bd2c48,0x00000000cba80000)
 Metaspace       used 14862K, capacity 15028K, committed 15232K, reserved 1062912K
  class space    used 1794K, capacity 1866K, committed 1920K, reserved 1048576K
}
Event: 29.871 GC heap before
{Heap before GC invocations=14 (full 3):
 PSYoungGen      total 66048K, used 62996K [0x00000000ebb80000, 0x00000000f1e80000, 0x0000000100000000)
  eden space 40448K, 100% used [0x00000000ebb80000,0x00000000ee300000,0x00000000ee300000)
  from space 25600K, 88% used [0x00000000eff80000,0x00000000f1585180,0x00000000f1880000)
  to   space 29184K, 0% used [0x00000000ee300000,0x00000000ee300000,0x00000000eff80000)
 ParOldGen       total 139776K, used 75595K [0x00000000c3200000, 0x00000000cba80000, 0x00000000ebb80000)
  object space 139776K, 54% used [0x00000000c3200000,0x00000000c7bd2c48,0x00000000cba80000)
 Metaspace       used 14880K, capacity 15092K, committed 15232K, reserved 1062912K
  class space    used 1794K, capacity 1866K, committed 1920K, reserved 1048576K
Event: 29.886 GC heap after
Heap after GC invocations=14 (full 3):
 PSYoungGen      total 69632K, used 29135K [0x00000000ebb80000, 0x00000000f2c00000, 0x0000000100000000)
  eden space 40448K, 0% used [0x00000000ebb80000,0x00000000ebb80000,0x00000000ee300000)
  from space 29184K, 99% used [0x00000000ee300000,0x00000000eff73ca0,0x00000000eff80000)
  to   space 33792K, 0% used [0x00000000f0b00000,0x00000000f0b00000,0x00000000f2c00000)
 ParOldGen       total 139776K, used 89178K [0x00000000c3200000, 0x00000000cba80000, 0x00000000ebb80000)
  object space 139776K, 63% used [0x00000000c3200000,0x00000000c8916898,0x00000000cba80000)
 Metaspace       used 14880K, capacity 15092K, committed 15232K, reserved 1062912K
  class space    used 1794K, capacity 1866K, committed 1920K, reserved 1048576K
}
Event: 32.470 GC heap before
{Heap before GC invocations=15 (full 3):
 PSYoungGen      total 69632K, used 69583K [0x00000000ebb80000, 0x00000000f2c00000, 0x0000000100000000)
  eden space 40448K, 100% used [0x00000000ebb80000,0x00000000ee300000,0x00000000ee300000)
  from space 29184K, 99% used [0x00000000ee300000,0x00000000eff73ca0,0x00000000eff80000)
  to   space 33792K, 0% used [0x00000000f0b00000,0x00000000f0b00000,0x00000000f2c00000)
 ParOldGen       total 139776K, used 89178K [0x00000000c3200000, 0x00000000cba80000, 0x00000000ebb80000)
  object space 139776K, 63% used [0x00000000c3200000,0x00000000c8916898,0x00000000cba80000)
 Metaspace       used 14892K, capacity 15098K, committed 15232K, reserved 1062912K
  class space    used 1795K, capacity 1867K, committed 1920K, reserved 1048576K
Event: 32.499 GC heap after
Heap after GC invocations=15 (full 3):
 PSYoungGen      total 75776K, used 33509K [0x00000000ebb80000, 0x00000000f3780000, 0x0000000100000000)
  eden space 41984K, 0% used [0x00000000ebb80000,0x00000000ebb80000,0x00000000ee480000)
  from space 33792K, 99% used [0x00000000f0b00000,0x00000000f2bb9560,0x00000000f2c00000)
  to   space 39424K, 0% used [0x00000000ee480000,0x00000000ee480000,0x00000000f0b00000)
 ParOldGen       total 139776K, used 106503K [0x00000000c3200000, 0x00000000cba80000, 0x00000000ebb80000)
  object space 139776K, 76% used [0x00000000c3200000,0x00000000c9a01d08,0x00000000cba80000)
 Metaspace       used 14892K, capacity 15098K, committed 15232K, reserved 1062912K
  class space    used 1795K, capacity 1867K, committed 1920K, reserved 1048576K
}

