# JRE version: Java(TM) SE Runtime Environment (8.0_60-b27) (build 1.8.0_60-b27)
# Java VM: Java HotSpot(TM) 64-Bit Server VM (25.60-b23 mixed mode windows-amd64 compressed oops)
Heap:
 PSYoungGen      total 56832K, used 1293K [0x00000000ebb80000, 0x00000000f1f80000, 0x0000000100000000)
  eden space 46080K, 2% used [0x00000000ebb80000,0x00000000ebcc35d0,0x00000000ee880000)
  from space 10752K, 0% used [0x00000000ee880000,0x00000000ee880000,0x00000000ef300000)
  to   space 12800K, 0% used [0x00000000f1300000,0x00000000f1300000,0x00000000f1f80000)
 ParOldGen       total 122880K, used 60634K [0x00000000c3200000, 0x00000000caa00000, 0x00000000ebb80000)
  object space 122880K, 49% used [0x00000000c3200000,0x00000000c6d369d0,0x00000000caa00000)
 Metaspace       used 14702K, capacity 14888K, committed 14976K, reserved 1062912K
  class space    used 1787K, capacity 1864K, committed 1920K, reserved 1048576K
GC Heap History (10 events):
Event: 4.681 GC heap before
{Heap before GC invocations=6 (full 2):
 PSYoungGen      total 29696K, used 1311K [0x00000000ebb80000, 0x00000000edc00000, 0x0000000100000000)
  eden space 27136K, 0% used [0x00000000ebb80000,0x00000000ebb80000,0x00000000ed600000)
  from space 2560K, 51% used [0x00000000ed880000,0x00000000ed9c7f10,0x00000000edb00000)
  to   space 2560K, 0% used [0x00000000ed600000,0x00000000ed600000,0x00000000ed880000)
 ParOldGen       total 55296K, used 36080K [0x00000000c3200000, 0x00000000c6800000, 0x00000000ebb80000)
  object space 55296K, 65% used [0x00000000c3200000,0x00000000c553c108,0x00000000c6800000)
 Metaspace       used 13044K, capacity 13224K, committed 13312K, reserved 1060864K
  class space    used 1663K, capacity 1736K, committed 1792K, reserved 1048576K
Event: 4.701 GC heap after
Heap after GC invocations=6 (full 2):
 PSYoungGen      total 29696K, used 0K [0x00000000ebb80000, 0x00000000edc00000, 0x0000000100000000)
  eden space 27136K, 0% used [0x00000000ebb80000,0x00000000ebb80000,0x00000000ed600000)
  from space 2560K, 0% used [0x00000000ed880000,0x00000000ed880000,0x00000000edb00000)
  to   space 2560K, 0% used [0x00000000ed600000,0x00000000ed600000,0x00000000ed880000)
 ParOldGen       total 77312K, used 23266K [0x00000000c3200000, 0x00000000c7d80000, 0x00000000ebb80000)
  object space 77312K, 30% used [0x00000000c3200000,0x00000000c48b8960,0x00000000c7d80000)
 Metaspace       used 13044K, capacity 13224K, committed 13312K, reserved 1060864K
  class space    used 1663K, capacity 1736K, committed 1792K, reserved 1048576K
}
Event: 6.532 GC heap before
{Heap before GC invocations=7 (full 2):
 PSYoungGen      total 29696K, used 27136K [0x00000000ebb80000, 0x00000000edc00000, 0x0000000100000000)
  eden space 27136K, 100% used [0x00000000ebb80000,0x00000000ed600000,0x00000000ed600000)
  from space 2560K, 0% used [0x00000000ed880000,0x00000000ed880000,0x00000000edb00000)
  to   space 2560K, 0% used [0x00000000ed600000,0x00000000ed600000,0x00000000ed880000)
 ParOldGen       total 77312K, used 23266K [0x00000000c3200000, 0x00000000c7d80000, 0x00000000ebb80000)
  object space 77312K, 30% used [0x00000000c3200000,0x00000000c48b8960,0x00000000c7d80000)
 Metaspace       used 14618K, capacity 14824K, committed 14976K, reserved 1062912K
  class space    used 1785K, capacity 1864K, committed 1920K, reserved 1048576K
Event: 6.540 GC heap after
Heap after GC invocations=7 (full 2):
 PSYoungGen      total 29696K, used 2552K [0x00000000ebb80000, 0x00000000efb80000, 0x0000000100000000)
  eden space 27136K, 0% used [0x00000000ebb80000,0x00000000ebb80000,0x00000000ed600000)
  from space 2560K, 99% used [0x00000000ed600000,0x00000000ed87e320,0x00000000ed880000)
  to   space 8704K, 0% used [0x00000000ef300000,0x00000000ef300000,0x00000000efb80000)
 ParOldGen       total 77312K, used 31547K [0x00000000c3200000, 0x00000000c7d80000, 0x00000000ebb80000)
  object space 77312K, 40% used [0x00000000c3200000,0x00000000c50cecd0,0x00000000c7d80000)
 Metaspace       used 14618K, capacity 14824K, committed 14976K, reserved 1062912K
  class space    used 1785K, capacity 1864K, committed 1920K, reserved 1048576K
}
Event: 8.414 GC heap before
{Heap before GC invocations=8 (full 2):
 PSYoungGen      total 29696K, used 29440K [0x00000000ebb80000, 0x00000000efb80000, 0x0000000100000000)
  eden space 27136K, 99% used [0x00000000ebb80000,0x00000000ed5c1e10,0x00000000ed600000)
  from space 2560K, 99% used [0x00000000ed600000,0x00000000ed87e320,0x00000000ed880000)
  to   space 8704K, 0% used [0x00000000ef300000,0x00000000ef300000,0x00000000efb80000)
 ParOldGen       total 77312K, used 31547K [0x00000000c3200000, 0x00000000c7d80000, 0x00000000ebb80000)
  object space 77312K, 40% used [0x00000000c3200000,0x00000000c50cecd0,0x00000000c7d80000)
 Metaspace       used 14688K, capacity 14888K, committed 14976K, reserved 1062912K
  class space    used 1786K, capacity 1864K, committed 1920K, reserved 1048576K
Event: 8.422 GC heap after
Heap after GC invocations=8 (full 2):
 PSYoungGen      total 54784K, used 8595K [0x00000000ebb80000, 0x00000000efe00000, 0x0000000100000000)
  eden space 46080K, 0% used [0x00000000ebb80000,0x00000000ebb80000,0x00000000ee880000)
  from space 8704K, 98% used [0x00000000ef300000,0x00000000efb64f30,0x00000000efb80000)
  to   space 10752K, 0% used [0x00000000ee880000,0x00000000ee880000,0x00000000ef300000)
 ParOldGen       total 77312K, used 39950K [0x00000000c3200000, 0x00000000c7d80000, 0x00000000ebb80000)
  object space 77312K, 51% used [0x00000000c3200000,0x00000000c5903b30,0x00000000c7d80000)
 Metaspace       used 14688K, capacity 14888K, committed 14976K, reserved 1062912K
  class space    used 1786K, capacity 1864K, committed 1920K, reserved 1048576K
}
Event: 11.708 GC heap before
{Heap before GC invocations=9 (full 2):
 PSYoungGen      total 54784K, used 54675K [0x00000000ebb80000, 0x00000000efe00000, 0x0000000100000000)
  eden space 46080K, 100% used [0x00000000ebb80000,0x00000000ee880000,0x00000000ee880000)
  from space 8704K, 98% used [0x00000000ef300000,0x00000000efb64f30,0x00000000efb80000)
  to   space 10752K, 0% used [0x00000000ee880000,0x00000000ee880000,0x00000000ef300000)
 ParOldGen       total 77312K, used 39950K [0x00000000c3200000, 0x00000000c7d80000, 0x00000000ebb80000)
  object space 77312K, 51% used [0x00000000c3200000,0x00000000c5903b30,0x00000000c7d80000)
 Metaspace       used 14702K, capacity 14888K, committed 14976K, reserved 1062912K
  class space    used 1787K, capacity 1864K, committed 1920K, reserved 1048576K
Event: 11.725 GC heap after
Heap after GC invocations=9 (full 2):
 PSYoungGen      total 56832K, used 9750K [0x00000000ebb80000, 0x00000000f1f80000, 0x0000000100000000)
  eden space 46080K, 0% used [0x00000000ebb80000,0x00000000ebb80000,0x00000000ee880000)
  from space 10752K, 90% used [0x00000000ee880000,0x00000000ef205800,0x00000000ef300000)
  to   space 12800K, 0% used [0x00000000f1300000,0x00000000f1300000,0x00000000f1f80000)
 ParOldGen       total 77312K, used 69433K [0x00000000c3200000, 0x00000000c7d80000, 0x00000000ebb80000)
  object space 77312K, 89% used [0x00000000c3200000,0x00000000c75ce7c0,0x00000000c7d80000)
 Metaspace       used 14702K, capacity 14888K, committed 14976K, reserved 1062912K
  class space    used 1787K, capacity 1864K, committed 1920K, reserved 1048576K
}
Event: 11.725 GC heap before
{Heap before GC invocations=10 (full 3):
 PSYoungGen      total 56832K, used 9750K [0x00000000ebb80000, 0x00000000f1f80000, 0x0000000100000000)
  eden space 46080K, 0% used [0x00000000ebb80000,0x00000000ebb80000,0x00000000ee880000)
  from space 10752K, 90% used [0x00000000ee880000,0x00000000ef205800,0x00000000ef300000)
  to   space 12800K, 0% used [0x00000000f1300000,0x00000000f1300000,0x00000000f1f80000)
 ParOldGen       total 77312K, used 69433K [0x00000000c3200000, 0x00000000c7d80000, 0x00000000ebb80000)
  object space 77312K, 89% used [0x00000000c3200000,0x00000000c75ce7c0,0x00000000c7d80000)
 Metaspace       used 14702K, capacity 14888K, committed 14976K, reserved 1062912K
  class space    used 1787K, capacity 1864K, committed 1920K, reserved 1048576K
Event: 11.796 GC heap after
Heap after GC invocations=10 (full 3):
 PSYoungGen      total 56832K, used 0K [0x00000000ebb80000, 0x00000000f1f80000, 0x0000000100000000)
  eden space 46080K, 0% used [0x00000000ebb80000,0x00000000ebb80000,0x00000000ee880000)
  from space 10752K, 0% used [0x00000000ee880000,0x00000000ee880000,0x00000000ef300000)
  to   space 12800K, 0% used [0x00000000f1300000,0x00000000f1300000,0x00000000f1f80000)
 ParOldGen       total 122880K, used 60634K [0x00000000c3200000, 0x00000000caa00000, 0x00000000ebb80000)
  object space 122880K, 49% used [0x00000000c3200000,0x00000000c6d369d0,0x00000000caa00000)
 Metaspace       used 14702K, capacity 14888K, committed 14976K, reserved 1062912K
  class space    used 1787K, capacity 1864K, committed 1920K, reserved 1048576K
}

