# JRE version: Java(TM) SE Runtime Environment (8.0_60-b27) (build 1.8.0_60-b27)
# Java VM: Java HotSpot(TM) 64-Bit Server VM (25.60-b23 mixed mode windows-amd64 compressed oops)
Heap:
 PSYoungGen      total 65024K, used 1100K [0x00000000ebb80000, 0x00000000f3380000, 0x0000000100000000)
  eden space 41984K, 2% used [0x00000000ebb80000,0x00000000ebc93200,0x00000000ee480000)
  from space 23040K, 0% used [0x00000000ee480000,0x00000000ee480000,0x00000000efb00000)
  to   space 27648K, 0% used [0x00000000f1880000,0x00000000f1880000,0x00000000f3380000)
 ParOldGen       total 112128K, used 57383K [0x00000000c3200000, 0x00000000c9f80000, 0x00000000ebb80000)
  object space 112128K, 51% used [0x00000000c3200000,0x00000000c6a09eb0,0x00000000c9f80000)
 Metaspace       used 14528K, capacity 14696K, committed 14976K, reserved 1062912K
  class space    used 1792K, capacity 1864K, committed 1920K, reserved 1048576K
GC Heap History (10 events):
Event: 2.863 GC heap before
{Heap before GC invocations=6 (full 2):
 PSYoungGen      total 29696K, used 2532K [0x00000000ebb80000, 0x00000000edb00000, 0x0000000100000000)
  eden space 27136K, 0% used [0x00000000ebb80000,0x00000000ebb80000,0x00000000ed600000)
  from space 2560K, 98% used [0x00000000ed880000,0x00000000edaf9150,0x00000000edb00000)
  to   space 2560K, 0% used [0x00000000ed600000,0x00000000ed600000,0x00000000ed880000)
 ParOldGen       total 55296K, used 36636K [0x00000000c3200000, 0x00000000c6800000, 0x00000000ebb80000)
  object space 55296K, 66% used [0x00000000c3200000,0x00000000c55c70a8,0x00000000c6800000)
 Metaspace       used 13020K, capacity 13218K, committed 13312K, reserved 1060864K
  class space    used 1662K, capacity 1735K, committed 1792K, reserved 1048576K
Event: 2.880 GC heap after
Heap after GC invocations=6 (full 2):
 PSYoungGen      total 29696K, used 0K [0x00000000ebb80000, 0x00000000edb00000, 0x0000000100000000)
  eden space 27136K, 0% used [0x00000000ebb80000,0x00000000ebb80000,0x00000000ed600000)
  from space 2560K, 0% used [0x00000000ed880000,0x00000000ed880000,0x00000000edb00000)
  to   space 2560K, 0% used [0x00000000ed600000,0x00000000ed600000,0x00000000ed880000)
 ParOldGen       total 79360K, used 26969K [0x00000000c3200000, 0x00000000c7f80000, 0x00000000ebb80000)
  object space 79360K, 33% used [0x00000000c3200000,0x00000000c4c56408,0x00000000c7f80000)
 Metaspace       used 13020K, capacity 13218K, committed 13312K, reserved 1060864K
  class space    used 1662K, capacity 1735K, committed 1792K, reserved 1048576K
}
Event: 10.646 GC heap before
{Heap before GC invocations=7 (full 2):
 PSYoungGen      total 29696K, used 27136K [0x00000000ebb80000, 0x00000000edb00000, 0x0000000100000000)
  eden space 27136K, 100% used [0x00000000ebb80000,0x00000000ed600000,0x00000000ed600000)
  from space 2560K, 0% used [0x00000000ed880000,0x00000000ed880000,0x00000000edb00000)
  to   space 2560K, 0% used [0x00000000ed600000,0x00000000ed600000,0x00000000ed880000)
 ParOldGen       total 79360K, used 26969K [0x00000000c3200000, 0x00000000c7f80000, 0x00000000ebb80000)
  object space 79360K, 33% used [0x00000000c3200000,0x00000000c4c56408,0x00000000c7f80000)
 Metaspace       used 14396K, capacity 14562K, committed 14720K, reserved 1062912K
  class space    used 1791K, capacity 1863K, committed 1920K, reserved 1048576K
Event: 10.650 GC heap after
Heap after GC invocations=7 (full 2):
 PSYoungGen      total 29696K, used 2546K [0x00000000ebb80000, 0x00000000f0d80000, 0x0000000100000000)
  eden space 27136K, 0% used [0x00000000ebb80000,0x00000000ebb80000,0x00000000ed600000)
  from space 2560K, 99% used [0x00000000ed600000,0x00000000ed87c8a0,0x00000000ed880000)
  to   space 18944K, 0% used [0x00000000efb00000,0x00000000efb00000,0x00000000f0d80000)
 ParOldGen       total 79360K, used 34685K [0x00000000c3200000, 0x00000000c7f80000, 0x00000000ebb80000)
  object space 79360K, 43% used [0x00000000c3200000,0x00000000c53df5e8,0x00000000c7f80000)
 Metaspace       used 14396K, capacity 14562K, committed 14720K, reserved 1062912K
  class space    used 1791K, capacity 1863K, committed 1920K, reserved 1048576K
}
Event: 11.254 GC heap before
{Heap before GC invocations=8 (full 2):
 PSYoungGen      total 29696K, used 29682K [0x00000000ebb80000, 0x00000000f0d80000, 0x0000000100000000)
  eden space 27136K, 100% used [0x00000000ebb80000,0x00000000ed600000,0x00000000ed600000)
  from space 2560K, 99% used [0x00000000ed600000,0x00000000ed87c8a0,0x00000000ed880000)
  to   space 18944K, 0% used [0x00000000efb00000,0x00000000efb00000,0x00000000f0d80000)
 ParOldGen       total 79360K, used 34685K [0x00000000c3200000, 0x00000000c7f80000, 0x00000000ebb80000)
  object space 79360K, 43% used [0x00000000c3200000,0x00000000c53df5e8,0x00000000c7f80000)
 Metaspace       used 14411K, capacity 14632K, committed 14720K, reserved 1062912K
  class space    used 1792K, capacity 1864K, committed 1920K, reserved 1048576K
Event: 11.269 GC heap after
Heap after GC invocations=8 (full 2):
 PSYoungGen      total 60928K, used 18592K [0x00000000ebb80000, 0x00000000f1500000, 0x0000000100000000)
  eden space 41984K, 0% used [0x00000000ebb80000,0x00000000ebb80000,0x00000000ee480000)
  from space 18944K, 98% used [0x00000000efb00000,0x00000000f0d28310,0x00000000f0d80000)
  to   space 23040K, 0% used [0x00000000ee480000,0x00000000ee480000,0x00000000efb00000)
 ParOldGen       total 79360K, used 48718K [0x00000000c3200000, 0x00000000c7f80000, 0x00000000ebb80000)
  object space 79360K, 61% used [0x00000000c3200000,0x00000000c6193a18,0x00000000c7f80000)
 Metaspace       used 14411K, capacity 14632K, committed 14720K, reserved 1062912K
  class space    used 1792K, capacity 1864K, committed 1920K, reserved 1048576K
}
Event: 16.377 GC heap before
{Heap before GC invocations=9 (full 2):
 PSYoungGen      total 60928K, used 60576K [0x00000000ebb80000, 0x00000000f1500000, 0x0000000100000000)
  eden space 41984K, 100% used [0x00000000ebb80000,0x00000000ee480000,0x00000000ee480000)
  from space 18944K, 98% used [0x00000000efb00000,0x00000000f0d28310,0x00000000f0d80000)
  to   space 23040K, 0% used [0x00000000ee480000,0x00000000ee480000,0x00000000efb00000)
 ParOldGen       total 79360K, used 48718K [0x00000000c3200000, 0x00000000c7f80000, 0x00000000ebb80000)
  object space 79360K, 61% used [0x00000000c3200000,0x00000000c6193a18,0x00000000c7f80000)
 Metaspace       used 14527K, capacity 14696K, committed 14976K, reserved 1062912K
  class space    used 1792K, capacity 1864K, committed 1920K, reserved 1048576K
Event: 16.392 GC heap after
Heap after GC invocations=9 (full 2):
 PSYoungGen      total 65024K, used 21604K [0x00000000ebb80000, 0x00000000f3380000, 0x0000000100000000)
  eden space 41984K, 0% used [0x00000000ebb80000,0x00000000ebb80000,0x00000000ee480000)
  from space 23040K, 93% used [0x00000000ee480000,0x00000000ef999000,0x00000000efb00000)
  to   space 27648K, 0% used [0x00000000f1880000,0x00000000f1880000,0x00000000f3380000)
 ParOldGen       total 79360K, used 56218K [0x00000000c3200000, 0x00000000c7f80000, 0x00000000ebb80000)
  object space 79360K, 70% used [0x00000000c3200000,0x00000000c68e6a58,0x00000000c7f80000)
 Metaspace       used 14527K, capacity 14696K, committed 14976K, reserved 1062912K
  class space    used 1792K, capacity 1864K, committed 1920K, reserved 1048576K
}
Event: 16.392 GC heap before
{Heap before GC invocations=10 (full 3):
 PSYoungGen      total 65024K, used 21604K [0x00000000ebb80000, 0x00000000f3380000, 0x0000000100000000)
  eden space 41984K, 0% used [0x00000000ebb80000,0x00000000ebb80000,0x00000000ee480000)
  from space 23040K, 93% used [0x00000000ee480000,0x00000000ef999000,0x00000000efb00000)
  to   space 27648K, 0% used [0x00000000f1880000,0x00000000f1880000,0x00000000f3380000)
 ParOldGen       total 79360K, used 56218K [0x00000000c3200000, 0x00000000c7f80000, 0x00000000ebb80000)
  object space 79360K, 70% used [0x00000000c3200000,0x00000000c68e6a58,0x00000000c7f80000)
 Metaspace       used 14527K, capacity 14696K, committed 14976K, reserved 1062912K
  class space    used 1792K, capacity 1864K, committed 1920K, reserved 1048576K
Event: 16.460 GC heap after
Heap after GC invocations=10 (full 3):
 PSYoungGen      total 65024K, used 0K [0x00000000ebb80000, 0x00000000f3380000, 0x0000000100000000)
  eden space 41984K, 0% used [0x00000000ebb80000,0x00000000ebb80000,0x00000000ee480000)
  from space 23040K, 0% used [0x00000000ee480000,0x00000000ee480000,0x00000000efb00000)
  to   space 27648K, 0% used [0x00000000f1880000,0x00000000f1880000,0x00000000f3380000)
 ParOldGen       total 112128K, used 57383K [0x00000000c3200000, 0x00000000c9f80000, 0x00000000ebb80000)
  object space 112128K, 51% used [0x00000000c3200000,0x00000000c6a09eb0,0x00000000c9f80000)
 Metaspace       used 14527K, capacity 14696K, committed 14976K, reserved 1062912K
  class space    used 1792K, capacity 1864K, committed 1920K, reserved 1048576K
}

