# JRE version: Java(TM) SE Runtime Environment (8.0_60-b27) (build 1.8.0_60-b27)
# Java VM: Java HotSpot(TM) 64-Bit Server VM (25.60-b23 mixed mode windows-amd64 compressed oops)
Heap:
 PSYoungGen      total 104448K, used 8895K [0x00000000ebb80000, 0x00000000f5500000, 0x0000000100000000)
  eden space 71168K, 12% used [0x00000000ebb80000,0x00000000ec42fd18,0x00000000f0100000)
  from space 33280K, 0% used [0x00000000f2800000,0x00000000f2800000,0x00000000f4880000)
  to   space 39936K, 0% used [0x00000000f0100000,0x00000000f0100000,0x00000000f2800000)
 ParOldGen       total 147456K, used 87086K [0x00000000c3200000, 0x00000000cc200000, 0x00000000ebb80000)
  object space 147456K, 59% used [0x00000000c3200000,0x00000000c870b908,0x00000000cc200000)
 Metaspace       used 14807K, capacity 14964K, committed 15232K, reserved 1062912K
  class space    used 1794K, capacity 1866K, committed 1920K, reserved 1048576K
GC Heap History (10 events):
Event: 6.784 GC heap before
{Heap before GC invocations=8 (full 3):
 PSYoungGen      total 31232K, used 2558K [0x00000000ebb80000, 0x00000000f1480000, 0x0000000100000000)
  eden space 28672K, 0% used [0x00000000ebb80000,0x00000000ebb80000,0x00000000ed780000)
  from space 2560K, 99% used [0x00000000ed780000,0x00000000ed9ff8b8,0x00000000eda00000)
  to   space 20480K, 0% used [0x00000000f0080000,0x00000000f0080000,0x00000000f1480000)
 ParOldGen       total 68096K, used 55955K [0x00000000c3200000, 0x00000000c7480000, 0x00000000ebb80000)
  object space 68096K, 82% used [0x00000000c3200000,0x00000000c68a4e30,0x00000000c7480000)
 Metaspace       used 14661K, capacity 14824K, committed 14976K, reserved 1062912K
  class space    used 1786K, capacity 1864K, committed 1920K, reserved 1048576K
Event: 6.847 GC heap after
Heap after GC invocations=8 (full 3):
 PSYoungGen      total 31232K, used 0K [0x00000000ebb80000, 0x00000000f1480000, 0x0000000100000000)
  eden space 28672K, 0% used [0x00000000ebb80000,0x00000000ebb80000,0x00000000ed780000)
  from space 2560K, 0% used [0x00000000ed780000,0x00000000ed780000,0x00000000eda00000)
  to   space 20480K, 0% used [0x00000000f0080000,0x00000000f0080000,0x00000000f1480000)
 ParOldGen       total 94208K, used 38117K [0x00000000c3200000, 0x00000000c8e00000, 0x00000000ebb80000)
  object space 94208K, 40% used [0x00000000c3200000,0x00000000c57396b8,0x00000000c8e00000)
 Metaspace       used 14661K, capacity 14824K, committed 14976K, reserved 1062912K
  class space    used 1786K, capacity 1864K, committed 1920K, reserved 1048576K
}
Event: 7.814 GC heap before
{Heap before GC invocations=9 (full 3):
 PSYoungGen      total 31232K, used 28672K [0x00000000ebb80000, 0x00000000f1480000, 0x0000000100000000)
  eden space 28672K, 100% used [0x00000000ebb80000,0x00000000ed780000,0x00000000ed780000)
  from space 2560K, 0% used [0x00000000ed780000,0x00000000ed780000,0x00000000eda00000)
  to   space 20480K, 0% used [0x00000000f0080000,0x00000000f0080000,0x00000000f1480000)
 ParOldGen       total 94208K, used 38117K [0x00000000c3200000, 0x00000000c8e00000, 0x00000000ebb80000)
  object space 94208K, 40% used [0x00000000c3200000,0x00000000c57396b8,0x00000000c8e00000)
 Metaspace       used 14696K, capacity 14888K, committed 14976K, reserved 1062912K
  class space    used 1787K, capacity 1864K, committed 1920K, reserved 1048576K
Event: 7.826 GC heap after
Heap after GC invocations=9 (full 3):
 PSYoungGen      total 68096K, used 16121K [0x00000000ebb80000, 0x00000000f1800000, 0x0000000100000000)
  eden space 47616K, 0% used [0x00000000ebb80000,0x00000000ebb80000,0x00000000eea00000)
  from space 20480K, 78% used [0x00000000f0080000,0x00000000f103e770,0x00000000f1480000)
  to   space 23040K, 0% used [0x00000000eea00000,0x00000000eea00000,0x00000000f0080000)
 ParOldGen       total 94208K, used 50275K [0x00000000c3200000, 0x00000000c8e00000, 0x00000000ebb80000)
  object space 94208K, 53% used [0x00000000c3200000,0x00000000c6318ed8,0x00000000c8e00000)
 Metaspace       used 14696K, capacity 14888K, committed 14976K, reserved 1062912K
  class space    used 1787K, capacity 1864K, committed 1920K, reserved 1048576K
}
Event: 10.587 GC heap before
{Heap before GC invocations=10 (full 3):
 PSYoungGen      total 68096K, used 63737K [0x00000000ebb80000, 0x00000000f1800000, 0x0000000100000000)
  eden space 47616K, 100% used [0x00000000ebb80000,0x00000000eea00000,0x00000000eea00000)
  from space 20480K, 78% used [0x00000000f0080000,0x00000000f103e770,0x00000000f1480000)
  to   space 23040K, 0% used [0x00000000eea00000,0x00000000eea00000,0x00000000f0080000)
 ParOldGen       total 94208K, used 50275K [0x00000000c3200000, 0x00000000c8e00000, 0x00000000ebb80000)
  object space 94208K, 53% used [0x00000000c3200000,0x00000000c6318ed8,0x00000000c8e00000)
 Metaspace       used 14721K, capacity 14888K, committed 14976K, reserved 1062912K
  class space    used 1787K, capacity 1864K, committed 1920K, reserved 1048576K
Event: 10.600 GC heap after
Heap after GC invocations=10 (full 3):
 PSYoungGen      total 70656K, used 23021K [0x00000000ebb80000, 0x00000000f4880000, 0x0000000100000000)
  eden space 47616K, 0% used [0x00000000ebb80000,0x00000000ebb80000,0x00000000eea00000)
  from space 23040K, 99% used [0x00000000eea00000,0x00000000f007b650,0x00000000f0080000)
  to   space 33280K, 0% used [0x00000000f2800000,0x00000000f2800000,0x00000000f4880000)
 ParOldGen       total 94208K, used 59836K [0x00000000c3200000, 0x00000000c8e00000, 0x00000000ebb80000)
  object space 94208K, 63% used [0x00000000c3200000,0x00000000c6c6f128,0x00000000c8e00000)
 Metaspace       used 14721K, capacity 14888K, committed 14976K, reserved 1062912K
  class space    used 1787K, capacity 1864K, committed 1920K, reserved 1048576K
}
Event: 11.675 GC heap before
{Heap before GC invocations=11 (full 3):
 PSYoungGen      total 70656K, used 70016K [0x00000000ebb80000, 0x00000000f4880000, 0x0000000100000000)
  eden space 47616K, 98% used [0x00000000ebb80000,0x00000000ee964c90,0x00000000eea00000)
  from space 23040K, 99% used [0x00000000eea00000,0x00000000f007b650,0x00000000f0080000)
  to   space 33280K, 0% used [0x00000000f2800000,0x00000000f2800000,0x00000000f4880000)
 ParOldGen       total 94208K, used 59836K [0x00000000c3200000, 0x00000000c8e00000, 0x00000000ebb80000)
  object space 94208K, 63% used [0x00000000c3200000,0x00000000c6c6f128,0x00000000c8e00000)
 Metaspace       used 14763K, capacity 14958K, committed 15232K, reserved 1062912K
  class space    used 1788K, capacity 1865K, committed 1920K, reserved 1048576K
Event: 11.696 GC heap after
Heap after GC invocations=11 (full 3):
 PSYoungGen      total 104448K, used 33268K [0x00000000ebb80000, 0x00000000f5500000, 0x0000000100000000)
  eden space 71168K, 0% used [0x00000000ebb80000,0x00000000ebb80000,0x00000000f0100000)
  from space 33280K, 99% used [0x00000000f2800000,0x00000000f487d190,0x00000000f4880000)
  to   space 39936K, 0% used [0x00000000f0100000,0x00000000f0100000,0x00000000f2800000)
 ParOldGen       total 94208K, used 79361K [0x00000000c3200000, 0x00000000c8e00000, 0x00000000ebb80000)
  object space 94208K, 84% used [0x00000000c3200000,0x00000000c7f80568,0x00000000c8e00000)
 Metaspace       used 14763K, capacity 14958K, committed 15232K, reserved 1062912K
  class space    used 1788K, capacity 1865K, committed 1920K, reserved 1048576K
}
Event: 11.696 GC heap before
{Heap before GC invocations=12 (full 4):
 PSYoungGen      total 104448K, used 33268K [0x00000000ebb80000, 0x00000000f5500000, 0x0000000100000000)
  eden space 71168K, 0% used [0x00000000ebb80000,0x00000000ebb80000,0x00000000f0100000)
  from space 33280K, 99% used [0x00000000f2800000,0x00000000f487d190,0x00000000f4880000)
  to   space 39936K, 0% used [0x00000000f0100000,0x00000000f0100000,0x00000000f2800000)
 ParOldGen       total 94208K, used 79361K [0x00000000c3200000, 0x00000000c8e00000, 0x00000000ebb80000)
  object space 94208K, 84% used [0x00000000c3200000,0x00000000c7f80568,0x00000000c8e00000)
 Metaspace       used 14763K, capacity 14958K, committed 15232K, reserved 1062912K
  class space    used 1788K, capacity 1865K, committed 1920K, reserved 1048576K
Event: 11.728 GC heap after
Heap after GC invocations=12 (full 4):
 PSYoungGen      total 104448K, used 0K [0x00000000ebb80000, 0x00000000f5500000, 0x0000000100000000)
  eden space 71168K, 0% used [0x00000000ebb80000,0x00000000ebb80000,0x00000000f0100000)
  from space 33280K, 0% used [0x00000000f2800000,0x00000000f2800000,0x00000000f4880000)
  to   space 39936K, 0% used [0x00000000f0100000,0x00000000f0100000,0x00000000f2800000)
 ParOldGen       total 147456K, used 87086K [0x00000000c3200000, 0x00000000cc200000, 0x00000000ebb80000)
  object space 147456K, 59% used [0x00000000c3200000,0x00000000c870b908,0x00000000cc200000)
 Metaspace       used 14763K, capacity 14958K, committed 15232K, reserved 1062912K
  class space    used 1788K, capacity 1865K, committed 1920K, reserved 1048576K
}

